PAGE_MALDI	YAL007C	KKYSDFLLKS	0.318035
PAGE_ESI	YAL007C	KKYSDFLLKS	0.17492
MUDPIT_ESI	YAL007C	KKYSDFLLKS	0.0223049
MUDPIT_ICAT	YAL007C	KKYSDFLLKS	0.240276
PAGE_MALDI	YAL007C	KYSDFLLKS	0.992576
PAGE_ESI	YAL007C	KYSDFLLKS	0.592923
MUDPIT_ESI	YAL007C	KYSDFLLKS	0.146009
MUDPIT_ICAT	YAL007C	KYSDFLLKS	0.592701
PAGE_MALDI	YAL007C	KYSDFLLKSFGVGKY	0.780104
PAGE_ESI	YAL007C	KYSDFLLKSFGVGKY	0.247297
MUDPIT_ESI	YAL007C	KYSDFLLKSFGVGKY	0.1429
MUDPIT_ICAT	YAL007C	KYSDFLLKSFGVGKY	0.357493
PAGE_MALDI	YAL007C	KSFGVGKYTFCFSNNYGTALKK	0.0655514
PAGE_ESI	YAL007C	KSFGVGKYTFCFSNNYGTALKK	0.00655663
MUDPIT_ESI	YAL007C	KSFGVGKYTFCFSNNYGTALKK	0.00298777
MUDPIT_ICAT	YAL007C	KSFGVGKYTFCFSNNYGTALKK	0.117835
PAGE_MALDI	YAL007C	KYTFCFSNNYGTALKK	0.750345
PAGE_ESI	YAL007C	KYTFCFSNNYGTALKK	0.246864
MUDPIT_ESI	YAL007C	KYTFCFSNNYGTALKK	0.0142679
MUDPIT_ICAT	YAL007C	KYTFCFSNNYGTALKK	0.495857
PAGE_MALDI	YAL007C	KYTFCFSNNYGTALKKV	0.703626
PAGE_ESI	YAL007C	KYTFCFSNNYGTALKKV	0.219165
MUDPIT_ESI	YAL007C	KYTFCFSNNYGTALKKV	0.0154157
MUDPIT_ICAT	YAL007C	KYTFCFSNNYGTALKKV	0.475004
PAGE_MALDI	YAL007C	KKVEITLEKE	0.0352884
PAGE_ESI	YAL007C	KKVEITLEKE	0.16124
MUDPIT_ESI	YAL007C	KKVEITLEKE	0.147659
MUDPIT_ICAT	YAL007C	KKVEITLEKE	0.24611
PAGE_MALDI	YAL007C	KVEITLEKE	0.928881
PAGE_ESI	YAL007C	KVEITLEKE	0.412931
MUDPIT_ESI	YAL007C	KVEITLEKE	0.343684
MUDPIT_ICAT	YAL007C	KVEITLEKE	0.596213
PAGE_MALDI	YAL007C	KVEITLEKEKT	0.047017
PAGE_ESI	YAL007C	KVEITLEKEKT	0.19761
MUDPIT_ESI	YAL007C	KVEITLEKEKT	0.192849
MUDPIT_ICAT	YAL007C	KVEITLEKEKT	0.3058
PAGE_MALDI	YAL007C	KTLTDEHEADVNNDDIIANNAVEEIDRN	0.981476
PAGE_ESI	YAL007C	KTLTDEHEADVNNDDIIANNAVEEIDRN	0.21461
MUDPIT_ESI	YAL007C	KTLTDEHEADVNNDDIIANNAVEEIDRN	0.777353
MUDPIT_ICAT	YAL007C	KTLTDEHEADVNNDDIIANNAVEEIDRN	0.916423
PAGE_MALDI	YAL007C	RNLNKITKT	0.021022
PAGE_ESI	YAL007C	RNLNKITKT	0.106263
MUDPIT_ESI	YAL007C	RNLNKITKT	0.00117784
MUDPIT_ICAT	YAL007C	RNLNKITKT	0.14023
PAGE_MALDI	YAL007C	KITKTLNYLRA	0.642274
PAGE_ESI	YAL007C	KITKTLNYLRA	0.239565
MUDPIT_ESI	YAL007C	KITKTLNYLRA	0.00655385
MUDPIT_ICAT	YAL007C	KITKTLNYLRA	0.337796
PAGE_MALDI	YAL007C	KTLNYLRARE	0.530092
PAGE_ESI	YAL007C	KTLNYLRARE	0.163405
MUDPIT_ESI	YAL007C	KTLNYLRARE	0.00414084
MUDPIT_ICAT	YAL007C	KTLNYLRARE	0.295452
PAGE_MALDI	YAL007C	REWRNMSTVNSTESRL	0.773957
PAGE_ESI	YAL007C	REWRNMSTVNSTESRL	0.229682
MUDPIT_ESI	YAL007C	REWRNMSTVNSTESRL	0.0859268
MUDPIT_ICAT	YAL007C	REWRNMSTVNSTESRL	0.433147
PAGE_MALDI	YAL007C	RNMSTVNSTESRL	0.968403
PAGE_ESI	YAL007C	RNMSTVNSTESRL	0.881748
MUDPIT_ESI	YAL007C	RNMSTVNSTESRL	0.387126
MUDPIT_ICAT	YAL007C	RNMSTVNSTESRL	0.761493
PAGE_MALDI	YAL009D	KKYSDFLLKS	0.318035
PAGE_ESI	YAL009D	KKYSDFLLKS	0.17492
MUDPIT_ESI	YAL009D	KKYSDFLLKS	0.0223049
MUDPIT_ICAT	YAL009D	KKYSDFLLKS	0.240276
PAGE_MALDI	YAL009D	KYSDFLLKS	0.992576
PAGE_ESI	YAL009D	KYSDFLLKS	0.592923
MUDPIT_ESI	YAL009D	KYSDFLLKS	0.146009
MUDPIT_ICAT	YAL009D	KYSDFLLKS	0.592701
PAGE_MALDI	YAL009D	KYSDFLLKSFGVGKY	0.780104
PAGE_ESI	YAL009D	KYSDFLLKSFGVGKY	0.247297
MUDPIT_ESI	YAL009D	KYSDFLLKSFGVGKY	0.1429
MUDPIT_ICAT	YAL009D	KYSDFLLKSFGVGKY	0.357493
PAGE_MALDI	YAL009D	KSFGVGKYTFCFSNNYGTALKK	0.0655514
PAGE_ESI	YAL009D	KSFGVGKYTFCFSNNYGTALKK	0.00655663
MUDPIT_ESI	YAL009D	KSFGVGKYTFCFSNNYGTALKK	0.00298777
MUDPIT_ICAT	YAL009D	KSFGVGKYTFCFSNNYGTALKK	0.117835
PAGE_MALDI	YAL009D	KYTFCFSNNYGTALKK	0.750345
PAGE_ESI	YAL009D	KYTFCFSNNYGTALKK	0.246864
MUDPIT_ESI	YAL009D	KYTFCFSNNYGTALKK	0.0142679
MUDPIT_ICAT	YAL009D	KYTFCFSNNYGTALKK	0.495857
PAGE_MALDI	YAL009D	KYTFCFSNNYGTALKKV	0.703626
PAGE_ESI	YAL009D	KYTFCFSNNYGTALKKV	0.219165
MUDPIT_ESI	YAL009D	KYTFCFSNNYGTALKKV	0.0154157
MUDPIT_ICAT	YAL009D	KYTFCFSNNYGTALKKV	0.475004
PAGE_MALDI	YAL009D	KKVEITLEKE	0.0352884
PAGE_ESI	YAL009D	KKVEITLEKE	0.16124
MUDPIT_ESI	YAL009D	KKVEITLEKE	0.147659
MUDPIT_ICAT	YAL009D	KKVEITLEKE	0.24611
PAGE_MALDI	YAL009D	KVEITLEKE	0.928881
PAGE_ESI	YAL009D	KVEITLEKE	0.412931
MUDPIT_ESI	YAL009D	KVEITLEKE	0.343684
MUDPIT_ICAT	YAL009D	KVEITLEKE	0.596213
PAGE_MALDI	YAL009D	KVEITLEKEKT	0.047017
PAGE_ESI	YAL009D	KVEITLEKEKT	0.19761
MUDPIT_ESI	YAL009D	KVEITLEKEKT	0.192849
MUDPIT_ICAT	YAL009D	KVEITLEKEKT	0.3058
PAGE_MALDI	YAL009D	KTLTDEHEADVNNDDIIANNAVEEIDRN	0.981476
PAGE_ESI	YAL009D	KTLTDEHEADVNNDDIIANNAVEEIDRN	0.21461
MUDPIT_ESI	YAL009D	KTLTDEHEADVNNDDIIANNAVEEIDRN	0.777353
MUDPIT_ICAT	YAL009D	KTLTDEHEADVNNDDIIANNAVEEIDRN	0.916423
PAGE_MALDI	YAL009D	RNLNKITKT	0.021022
PAGE_ESI	YAL009D	RNLNKITKT	0.106263
MUDPIT_ESI	YAL009D	RNLNKITKT	0.00117784
MUDPIT_ICAT	YAL009D	RNLNKITKT	0.14023
PAGE_MALDI	YAL009D	KITKTLNYLRA	0.642274
PAGE_ESI	YAL009D	KITKTLNYLRA	0.239565
MUDPIT_ESI	YAL009D	KITKTLNYLRA	0.00655385
MUDPIT_ICAT	YAL009D	KITKTLNYLRA	0.337796
PAGE_MALDI	YAL009D	KTLNYLRARE	0.530092
PAGE_ESI	YAL009D	KTLNYLRARE	0.163405
MUDPIT_ESI	YAL009D	KTLNYLRARE	0.00414084
MUDPIT_ICAT	YAL009D	KTLNYLRARE	0.295452
PAGE_MALDI	YAL009D	REWRNMSTVNSTESRL	0.773957
PAGE_ESI	YAL009D	REWRNMSTVNSTESRL	0.229682
MUDPIT_ESI	YAL009D	REWRNMSTVNSTESRL	0.0859268
MUDPIT_ICAT	YAL009D	REWRNMSTVNSTESRL	0.433147
PAGE_MALDI	YAL009D	RNMSTVNSTESRL	0.968403
PAGE_ESI	YAL009D	RNMSTVNSTESRL	0.881748
MUDPIT_ESI	YAL009D	RNMSTVNSTESRL	0.387126
MUDPIT_ICAT	YAL009D	RNMSTVNSTESRL	0.761493
