PAGE_MALDI	YAL001CTFC3SGDIDS000000001ChrIfr.0	MVLTIYPDELVQIVSDKI	0.999589
PAGE_ESI	YAL001CTFC3SGDIDS000000001ChrIfr.0	MVLTIYPDELVQIVSDKI	0.750827
MUDPIT_ESI	YAL001CTFC3SGDIDS000000001ChrIfr.0	MVLTIYPDELVQIVSDKI	0.975544
MUDPIT_ICAT	YAL001CTFC3SGDIDS000000001ChrIfr.0	MVLTIYPDELVQIVSDKI	0.620448
PAGE_MALDI	YAL001CTFC3SGDIDS000000001ChrIfr.1	MVLTIYPDELVQIVSDKIASNKG	0.992281
PAGE_ESI	YAL001CTFC3SGDIDS000000001ChrIfr.1	MVLTIYPDELVQIVSDKIASNKG	0.26756
MUDPIT_ESI	YAL001CTFC3SGDIDS000000001ChrIfr.1	MVLTIYPDELVQIVSDKIASNKG	0.9167
MUDPIT_ICAT	YAL001CTFC3SGDIDS000000001ChrIfr.1	MVLTIYPDELVQIVSDKIASNKG	0.479923
PAGE_MALDI	YAL001CTFC3SGDIDS000000001ChrIfr.2	MVLTIYPDELVQIVSDKIASNKGKI	0.603599
PAGE_ESI	YAL001CTFC3SGDIDS000000001ChrIfr.2	MVLTIYPDELVQIVSDKIASNKGKI	0.0320866
MUDPIT_ESI	YAL001CTFC3SGDIDS000000001ChrIfr.2	MVLTIYPDELVQIVSDKIASNKGKI	0.479278
MUDPIT_ICAT	YAL001CTFC3SGDIDS000000001ChrIfr.2	MVLTIYPDELVQIVSDKIASNKGKI	0.154244
PAGE_MALDI	YAL001CTFC3SGDIDS000000001ChrIfr.3	KIASNKGKITLNQLWDISGKY	0.131812
PAGE_ESI	YAL001CTFC3SGDIDS000000001ChrIfr.3	KIASNKGKITLNQLWDISGKY	0.00980694
MUDPIT_ESI	YAL001CTFC3SGDIDS000000001ChrIfr.3	KIASNKGKITLNQLWDISGKY	0.0127205
MUDPIT_ICAT	YAL001CTFC3SGDIDS000000001ChrIfr.3	KIASNKGKITLNQLWDISGKY	0.104342
PAGE_MALDI	YAL001CTFC3SGDIDS000000001ChrIfr.4	KGKITLNQLWDISGKY	0.787034
PAGE_ESI	YAL001CTFC3SGDIDS000000001ChrIfr.4	KGKITLNQLWDISGKY	0.26051
MUDPIT_ESI	YAL001CTFC3SGDIDS000000001ChrIfr.4	KGKITLNQLWDISGKY	0.182646
MUDPIT_ICAT	YAL001CTFC3SGDIDS000000001ChrIfr.4	KGKITLNQLWDISGKY	0.400129
PAGE_MALDI	YAL001CTFC3SGDIDS000000001ChrIfr.5	KGKITLNQLWDISGKYFDLSDKK	0.0177935
PAGE_ESI	YAL001CTFC3SGDIDS000000001ChrIfr.5	KGKITLNQLWDISGKYFDLSDKK	0.00088835
MUDPIT_ESI	YAL001CTFC3SGDIDS000000001ChrIfr.5	KGKITLNQLWDISGKYFDLSDKK	0.0163331
MUDPIT_ICAT	YAL001CTFC3SGDIDS000000001ChrIfr.5	KGKITLNQLWDISGKYFDLSDKK	0.0118743
PAGE_MALDI	YAL001CTFC3SGDIDS000000001ChrIfr.6	KITLNQLWDISGKY	0.995458
PAGE_ESI	YAL001CTFC3SGDIDS000000001ChrIfr.6	KITLNQLWDISGKY	0.731167
MUDPIT_ESI	YAL001CTFC3SGDIDS000000001ChrIfr.6	KITLNQLWDISGKY	0.725519
MUDPIT_ICAT	YAL001CTFC3SGDIDS000000001ChrIfr.6	KITLNQLWDISGKY	0.743359
PAGE_MALDI	YAL001CTFC3SGDIDS000000001ChrIfr.7	KITLNQLWDISGKYFDLSDKK	0.138354
PAGE_ESI	YAL001CTFC3SGDIDS000000001ChrIfr.7	KITLNQLWDISGKYFDLSDKK	0.00879421
MUDPIT_ESI	YAL001CTFC3SGDIDS000000001ChrIfr.7	KITLNQLWDISGKYFDLSDKK	0.0961958
MUDPIT_ICAT	YAL001CTFC3SGDIDS000000001ChrIfr.7	KITLNQLWDISGKYFDLSDKK	0.0700644
PAGE_MALDI	YAL001CTFC3SGDIDS000000001ChrIfr.8	KITLNQLWDISGKYFDLSDKKV	0.109217
PAGE_ESI	YAL001CTFC3SGDIDS000000001ChrIfr.8	KITLNQLWDISGKYFDLSDKKV	0.0079955
MUDPIT_ESI	YAL001CTFC3SGDIDS000000001ChrIfr.8	KITLNQLWDISGKYFDLSDKKV	0.0896962
MUDPIT_ICAT	YAL001CTFC3SGDIDS000000001ChrIfr.8	KITLNQLWDISGKYFDLSDKKV	0.0512124
PAGE_MALDI	YAL001CTFC3SGDIDS000000001ChrIfr.9	KYFDLSDKKV	0.282461
PAGE_ESI	YAL001CTFC3SGDIDS000000001ChrIfr.9	KYFDLSDKKV	0.175405
MUDPIT_ESI	YAL001CTFC3SGDIDS000000001ChrIfr.9	KYFDLSDKKV	0.0681034
MUDPIT_ICAT	YAL001CTFC3SGDIDS000000001ChrIfr.9	KYFDLSDKKV	0.230357
PAGE_MALDI	YAL001CTFC3SGDIDS000000001ChrIfr.10	KYFDLSDKKVKQ	0.189483
PAGE_ESI	YAL001CTFC3SGDIDS000000001ChrIfr.10	KYFDLSDKKVKQ	0.0588336
MUDPIT_ESI	YAL001CTFC3SGDIDS000000001ChrIfr.10	KYFDLSDKKVKQ	0.0166588
MUDPIT_ICAT	YAL001CTFC3SGDIDS000000001ChrIfr.10	KYFDLSDKKVKQ	0.0644844
PAGE_MALDI	YAL001CTFC3SGDIDS000000001ChrIfr.11	KKVKQFVLSCVILKK	0.0215189
PAGE_ESI	YAL001CTFC3SGDIDS000000001ChrIfr.11	KKVKQFVLSCVILKK	0.000220633
MUDPIT_ESI	YAL001CTFC3SGDIDS000000001ChrIfr.11	KKVKQFVLSCVILKK	0.000931968
MUDPIT_ICAT	YAL001CTFC3SGDIDS000000001ChrIfr.11	KKVKQFVLSCVILKK	0.0055157
PAGE_MALDI	YAL001CTFC3SGDIDS000000001ChrIfr.12	KVKQFVLSCVILKK	0.203652
PAGE_ESI	YAL001CTFC3SGDIDS000000001ChrIfr.12	KVKQFVLSCVILKK	0.00671831
MUDPIT_ESI	YAL001CTFC3SGDIDS000000001ChrIfr.12	KVKQFVLSCVILKK	0.00345419
MUDPIT_ICAT	YAL001CTFC3SGDIDS000000001ChrIfr.12	KVKQFVLSCVILKK	0.0538736
PAGE_MALDI	YAL001CTFC3SGDIDS000000001ChrIfr.13	KVKQFVLSCVILKKD	0.222873
PAGE_ESI	YAL001CTFC3SGDIDS000000001ChrIfr.13	KVKQFVLSCVILKKD	0.00738117
MUDPIT_ESI	YAL001CTFC3SGDIDS000000001ChrIfr.13	KVKQFVLSCVILKKD	0.00859334
MUDPIT_ICAT	YAL001CTFC3SGDIDS000000001ChrIfr.13	KVKQFVLSCVILKKD	0.0695666
PAGE_MALDI	YAL001CTFC3SGDIDS000000001ChrIfr.14	KQFVLSCVILKK	0.715228
PAGE_ESI	YAL001CTFC3SGDIDS000000001ChrIfr.14	KQFVLSCVILKK	0.253134
MUDPIT_ESI	YAL001CTFC3SGDIDS000000001ChrIfr.14	KQFVLSCVILKK	0.0151803
MUDPIT_ICAT	YAL001CTFC3SGDIDS000000001ChrIfr.14	KQFVLSCVILKK	0.260386
PAGE_MALDI	YAL001CTFC3SGDIDS000000001ChrIfr.15	KQFVLSCVILKKD	0.740256
PAGE_ESI	YAL001CTFC3SGDIDS000000001ChrIfr.15	KQFVLSCVILKKD	0.268907
MUDPIT_ESI	YAL001CTFC3SGDIDS000000001ChrIfr.15	KQFVLSCVILKKD	0.0812105
MUDPIT_ICAT	YAL001CTFC3SGDIDS000000001ChrIfr.15	KQFVLSCVILKKD	0.308202
PAGE_MALDI	YAL001CTFC3SGDIDS000000001ChrIfr.16	KQFVLSCVILKKDIEVYCDGAITTKN	0.0449897
PAGE_ESI	YAL001CTFC3SGDIDS000000001ChrIfr.16	KQFVLSCVILKKDIEVYCDGAITTKN	0.00818305
MUDPIT_ESI	YAL001CTFC3SGDIDS000000001ChrIfr.16	KQFVLSCVILKKDIEVYCDGAITTKN	0.0496047
MUDPIT_ICAT	YAL001CTFC3SGDIDS000000001ChrIfr.16	KQFVLSCVILKKDIEVYCDGAITTKN	0.0381145
PAGE_MALDI	YAL001CTFC3SGDIDS000000001ChrIfr.17	KKDIEVYCDGAITTKN	0.68796
PAGE_ESI	YAL001CTFC3SGDIDS000000001ChrIfr.17	KKDIEVYCDGAITTKN	0.294876
MUDPIT_ESI	YAL001CTFC3SGDIDS000000001ChrIfr.17	KKDIEVYCDGAITTKN	0.526066
MUDPIT_ICAT	YAL001CTFC3SGDIDS000000001ChrIfr.17	KKDIEVYCDGAITTKN	0.509915
PAGE_MALDI	YAL001CTFC3SGDIDS000000001ChrIfr.18	KDIEVYCDGAITTKN	0.992528
PAGE_ESI	YAL001CTFC3SGDIDS000000001ChrIfr.18	KDIEVYCDGAITTKN	0.839655
MUDPIT_ESI	YAL001CTFC3SGDIDS000000001ChrIfr.18	KDIEVYCDGAITTKN	0.875105
MUDPIT_ICAT	YAL001CTFC3SGDIDS000000001ChrIfr.18	KDIEVYCDGAITTKN	0.842707
PAGE_MALDI	YAL001CTFC3SGDIDS000000001ChrIfr.19	KKESTIGNSAFELLLEVAKS	0.723427
PAGE_ESI	YAL001CTFC3SGDIDS000000001ChrIfr.19	KKESTIGNSAFELLLEVAKS	0.276563
MUDPIT_ESI	YAL001CTFC3SGDIDS000000001ChrIfr.19	KKESTIGNSAFELLLEVAKS	0.616251
MUDPIT_ICAT	YAL001CTFC3SGDIDS000000001ChrIfr.19	KKESTIGNSAFELLLEVAKS	0.358052
PAGE_MALDI	YAL001CTFC3SGDIDS000000001ChrIfr.20	KKESTIGNSAFELLLEVAKSGEKG	0.114273
PAGE_ESI	YAL001CTFC3SGDIDS000000001ChrIfr.20	KKESTIGNSAFELLLEVAKSGEKG	0.0199945
MUDPIT_ESI	YAL001CTFC3SGDIDS000000001ChrIfr.20	KKESTIGNSAFELLLEVAKSGEKG	0.372623
MUDPIT_ICAT	YAL001CTFC3SGDIDS000000001ChrIfr.20	KKESTIGNSAFELLLEVAKSGEKG	0.10709
PAGE_MALDI	YAL001CTFC3SGDIDS000000001ChrIfr.21	KESTIGNSAFELLLEVAKS	0.992503
PAGE_ESI	YAL001CTFC3SGDIDS000000001ChrIfr.21	KESTIGNSAFELLLEVAKS	0.641464
MUDPIT_ESI	YAL001CTFC3SGDIDS000000001ChrIfr.21	KESTIGNSAFELLLEVAKS	0.922716
MUDPIT_ICAT	YAL001CTFC3SGDIDS000000001ChrIfr.21	KESTIGNSAFELLLEVAKS	0.799066
PAGE_MALDI	YAL001CTFC3SGDIDS000000001ChrIfr.22	KESTIGNSAFELLLEVAKSGEKG	0.677399
PAGE_ESI	YAL001CTFC3SGDIDS000000001ChrIfr.22	KESTIGNSAFELLLEVAKSGEKG	0.223423
MUDPIT_ESI	YAL001CTFC3SGDIDS000000001ChrIfr.22	KESTIGNSAFELLLEVAKSGEKG	0.759063
MUDPIT_ICAT	YAL001CTFC3SGDIDS000000001ChrIfr.22	KESTIGNSAFELLLEVAKSGEKG	0.406162
PAGE_MALDI	YAL001CTFC3SGDIDS000000001ChrIfr.23	KSGEKGINTMDLAQVTGQDPRS	0.536873
PAGE_ESI	YAL001CTFC3SGDIDS000000001ChrIfr.23	KSGEKGINTMDLAQVTGQDPRS	0.281821
MUDPIT_ESI	YAL001CTFC3SGDIDS000000001ChrIfr.23	KSGEKGINTMDLAQVTGQDPRS	0.674645
MUDPIT_ICAT	YAL001CTFC3SGDIDS000000001ChrIfr.23	KSGEKGINTMDLAQVTGQDPRS	0.589349
PAGE_MALDI	YAL001CTFC3SGDIDS000000001ChrIfr.24	KSGEKGINTMDLAQVTGQDPRSVTGRI	0.0403019
PAGE_ESI	YAL001CTFC3SGDIDS000000001ChrIfr.24	KSGEKGINTMDLAQVTGQDPRSVTGRI	0.0118674
MUDPIT_ESI	YAL001CTFC3SGDIDS000000001ChrIfr.24	KSGEKGINTMDLAQVTGQDPRSVTGRI	0.105822
MUDPIT_ICAT	YAL001CTFC3SGDIDS000000001ChrIfr.24	KSGEKGINTMDLAQVTGQDPRSVTGRI	0.108336
PAGE_MALDI	YAL001CTFC3SGDIDS000000001ChrIfr.25	KGINTMDLAQVTGQDPRS	0.988847
PAGE_ESI	YAL001CTFC3SGDIDS000000001ChrIfr.25	KGINTMDLAQVTGQDPRS	0.688036
MUDPIT_ESI	YAL001CTFC3SGDIDS000000001ChrIfr.25	KGINTMDLAQVTGQDPRS	0.930082
MUDPIT_ICAT	YAL001CTFC3SGDIDS000000001ChrIfr.25	KGINTMDLAQVTGQDPRS	0.878389
PAGE_MALDI	YAL001CTFC3SGDIDS000000001ChrIfr.26	KGINTMDLAQVTGQDPRSVTGRI	0.640362
PAGE_ESI	YAL001CTFC3SGDIDS000000001ChrIfr.26	KGINTMDLAQVTGQDPRSVTGRI	0.157852
MUDPIT_ESI	YAL001CTFC3SGDIDS000000001ChrIfr.26	KGINTMDLAQVTGQDPRSVTGRI	0.380839
MUDPIT_ICAT	YAL001CTFC3SGDIDS000000001ChrIfr.26	KGINTMDLAQVTGQDPRSVTGRI	0.4115
PAGE_MALDI	YAL001CTFC3SGDIDS000000001ChrIfr.27	KGINTMDLAQVTGQDPRSVTGRIKK	0.00491084
PAGE_ESI	YAL001CTFC3SGDIDS000000001ChrIfr.27	KGINTMDLAQVTGQDPRSVTGRIKK	0.000747779
MUDPIT_ESI	YAL001CTFC3SGDIDS000000001ChrIfr.27	KGINTMDLAQVTGQDPRSVTGRIKK	0.00668083
MUDPIT_ICAT	YAL001CTFC3SGDIDS000000001ChrIfr.27	KGINTMDLAQVTGQDPRSVTGRIKK	0.0253042
PAGE_MALDI	YAL001CTFC3SGDIDS000000001ChrIfr.28	RSVTGRIKKI	0.0143517
PAGE_ESI	YAL001CTFC3SGDIDS000000001ChrIfr.28	RSVTGRIKKI	0.0335556
MUDPIT_ESI	YAL001CTFC3SGDIDS000000001ChrIfr.28	RSVTGRIKKI	0.000349032
MUDPIT_ICAT	YAL001CTFC3SGDIDS000000001ChrIfr.28	RSVTGRIKKI	0.0483684
PAGE_MALDI	YAL001CTFC3SGDIDS000000001ChrIfr.29	RIKKINHLLTSSQLIYKG	0.194254
PAGE_ESI	YAL001CTFC3SGDIDS000000001ChrIfr.29	RIKKINHLLTSSQLIYKG	0.0020831
MUDPIT_ESI	YAL001CTFC3SGDIDS000000001ChrIfr.29	RIKKINHLLTSSQLIYKG	0.00327003
MUDPIT_ICAT	YAL001CTFC3SGDIDS000000001ChrIfr.29	RIKKINHLLTSSQLIYKG	0.0257846
PAGE_MALDI	YAL001CTFC3SGDIDS000000001ChrIfr.30	KKINHLLTSSQLIYKG	0.777009
PAGE_ESI	YAL001CTFC3SGDIDS000000001ChrIfr.30	KKINHLLTSSQLIYKG	0.120963
MUDPIT_ESI	YAL001CTFC3SGDIDS000000001ChrIfr.30	KKINHLLTSSQLIYKG	0.046496
MUDPIT_ICAT	YAL001CTFC3SGDIDS000000001ChrIfr.30	KKINHLLTSSQLIYKG	0.481236
PAGE_MALDI	YAL001CTFC3SGDIDS000000001ChrIfr.31	KKINHLLTSSQLIYKGHVVKQ	0.18153
PAGE_ESI	YAL001CTFC3SGDIDS000000001ChrIfr.31	KKINHLLTSSQLIYKGHVVKQ	0.00126165
MUDPIT_ESI	YAL001CTFC3SGDIDS000000001ChrIfr.31	KKINHLLTSSQLIYKGHVVKQ	0.0053606
MUDPIT_ICAT	YAL001CTFC3SGDIDS000000001ChrIfr.31	KKINHLLTSSQLIYKGHVVKQ	0.0257734
PAGE_MALDI	YAL001CTFC3SGDIDS000000001ChrIfr.32	KINHLLTSSQLIYKG	0.99506
PAGE_ESI	YAL001CTFC3SGDIDS000000001ChrIfr.32	KINHLLTSSQLIYKG	0.773595
MUDPIT_ESI	YAL001CTFC3SGDIDS000000001ChrIfr.32	KINHLLTSSQLIYKG	0.32931
MUDPIT_ICAT	YAL001CTFC3SGDIDS000000001ChrIfr.32	KINHLLTSSQLIYKG	0.915551
PAGE_MALDI	YAL001CTFC3SGDIDS000000001ChrIfr.33	KINHLLTSSQLIYKGHVVKQ	0.800722
PAGE_ESI	YAL001CTFC3SGDIDS000000001ChrIfr.33	KINHLLTSSQLIYKGHVVKQ	0.00901946
MUDPIT_ESI	YAL001CTFC3SGDIDS000000001ChrIfr.33	KINHLLTSSQLIYKGHVVKQ	0.0306097
MUDPIT_ICAT	YAL001CTFC3SGDIDS000000001ChrIfr.33	KINHLLTSSQLIYKGHVVKQ	0.32006
PAGE_MALDI	YAL001CTFC3SGDIDS000000001ChrIfr.34	KINHLLTSSQLIYKGHVVKQLKL	0.0913955
PAGE_ESI	YAL001CTFC3SGDIDS000000001ChrIfr.34	KINHLLTSSQLIYKGHVVKQLKL	0.000621463
MUDPIT_ESI	YAL001CTFC3SGDIDS000000001ChrIfr.34	KINHLLTSSQLIYKGHVVKQLKL	0.00538615
MUDPIT_ICAT	YAL001CTFC3SGDIDS000000001ChrIfr.34	KINHLLTSSQLIYKGHVVKQLKL	0.0174835
PAGE_MALDI	YAL001CTFC3SGDIDS000000001ChrIfr.35	KGHVVKQLKL	0.121317
PAGE_ESI	YAL001CTFC3SGDIDS000000001ChrIfr.35	KGHVVKQLKL	0.0671595
MUDPIT_ESI	YAL001CTFC3SGDIDS000000001ChrIfr.35	KGHVVKQLKL	0.0187533
MUDPIT_ICAT	YAL001CTFC3SGDIDS000000001ChrIfr.35	KGHVVKQLKL	0.151482
PAGE_MALDI	YAL001CTFC3SGDIDS000000001ChrIfr.36	KGHVVKQLKLKK	0.0234037
PAGE_ESI	YAL001CTFC3SGDIDS000000001ChrIfr.36	KGHVVKQLKLKK	0.00570787
MUDPIT_ESI	YAL001CTFC3SGDIDS000000001ChrIfr.36	KGHVVKQLKLKK	0.000653799
MUDPIT_ICAT	YAL001CTFC3SGDIDS000000001ChrIfr.36	KGHVVKQLKLKK	0.00216137
PAGE_MALDI	YAL001CTFC3SGDIDS000000001ChrIfr.37	KLKKFSHDGVDSNPYINIRD	0.212948
PAGE_ESI	YAL001CTFC3SGDIDS000000001ChrIfr.37	KLKKFSHDGVDSNPYINIRD	0.00196517
MUDPIT_ESI	YAL001CTFC3SGDIDS000000001ChrIfr.37	KLKKFSHDGVDSNPYINIRD	0.15234
MUDPIT_ICAT	YAL001CTFC3SGDIDS000000001ChrIfr.37	KLKKFSHDGVDSNPYINIRD	0.0487732
PAGE_MALDI	YAL001CTFC3SGDIDS000000001ChrIfr.38	KKFSHDGVDSNPYINIRD	0.790694
PAGE_ESI	YAL001CTFC3SGDIDS000000001ChrIfr.38	KKFSHDGVDSNPYINIRD	0.0949209
MUDPIT_ESI	YAL001CTFC3SGDIDS000000001ChrIfr.38	KKFSHDGVDSNPYINIRD	0.426679
MUDPIT_ICAT	YAL001CTFC3SGDIDS000000001ChrIfr.38	KKFSHDGVDSNPYINIRD	0.570519
PAGE_MALDI	YAL001CTFC3SGDIDS000000001ChrIfr.39	KFSHDGVDSNPYINIRD	0.994709
PAGE_ESI	YAL001CTFC3SGDIDS000000001ChrIfr.39	KFSHDGVDSNPYINIRD	0.69117
MUDPIT_ESI	YAL001CTFC3SGDIDS000000001ChrIfr.39	KFSHDGVDSNPYINIRD	0.692522
MUDPIT_ICAT	YAL001CTFC3SGDIDS000000001ChrIfr.39	KFSHDGVDSNPYINIRD	0.937722
PAGE_MALDI	YAL001CTFC3SGDIDS000000001ChrIfr.40	KFSHDGVDSNPYINIRDHLATIVEVVKR	0.0214292
PAGE_ESI	YAL001CTFC3SGDIDS000000001ChrIfr.40	KFSHDGVDSNPYINIRDHLATIVEVVKR	0.000456178
MUDPIT_ESI	YAL001CTFC3SGDIDS000000001ChrIfr.40	KFSHDGVDSNPYINIRDHLATIVEVVKR	0.0491357
MUDPIT_ICAT	YAL001CTFC3SGDIDS000000001ChrIfr.40	KFSHDGVDSNPYINIRDHLATIVEVVKR	0.0180803
PAGE_MALDI	YAL001CTFC3SGDIDS000000001ChrIfr.41	RDHLATIVEVVKR	0.577397
PAGE_ESI	YAL001CTFC3SGDIDS000000001ChrIfr.41	RDHLATIVEVVKR	0.246642
MUDPIT_ESI	YAL001CTFC3SGDIDS000000001ChrIfr.41	RDHLATIVEVVKR	0.402263
MUDPIT_ICAT	YAL001CTFC3SGDIDS000000001ChrIfr.41	RDHLATIVEVVKR	0.42472
PAGE_MALDI	YAL001CTFC3SGDIDS000000001ChrIfr.42	RDHLATIVEVVKRS	0.543951
PAGE_ESI	YAL001CTFC3SGDIDS000000001ChrIfr.42	RDHLATIVEVVKRS	0.25243
MUDPIT_ESI	YAL001CTFC3SGDIDS000000001ChrIfr.42	RDHLATIVEVVKRS	0.469519
MUDPIT_ICAT	YAL001CTFC3SGDIDS000000001ChrIfr.42	RDHLATIVEVVKRS	0.463467
PAGE_MALDI	YAL001CTFC3SGDIDS000000001ChrIfr.43	RDHLATIVEVVKRSKN	0.103302
PAGE_ESI	YAL001CTFC3SGDIDS000000001ChrIfr.43	RDHLATIVEVVKRSKN	0.00751927
MUDPIT_ESI	YAL001CTFC3SGDIDS000000001ChrIfr.43	RDHLATIVEVVKRSKN	0.0592803
MUDPIT_ICAT	YAL001CTFC3SGDIDS000000001ChrIfr.43	RDHLATIVEVVKRSKN	0.0383594
PAGE_MALDI	YAL001CTFC3SGDIDS000000001ChrIfr.44	RSKNGIRQIIDLKR	0.018138
PAGE_ESI	YAL001CTFC3SGDIDS000000001ChrIfr.44	RSKNGIRQIIDLKR	0.000406926
MUDPIT_ESI	YAL001CTFC3SGDIDS000000001ChrIfr.44	RSKNGIRQIIDLKR	0.000304586
MUDPIT_ICAT	YAL001CTFC3SGDIDS000000001ChrIfr.44	RSKNGIRQIIDLKR	0.00658989
PAGE_MALDI	YAL001CTFC3SGDIDS000000001ChrIfr.45	KNGIRQIIDLKR	0.141514
PAGE_ESI	YAL001CTFC3SGDIDS000000001ChrIfr.45	KNGIRQIIDLKR	0.0229096
MUDPIT_ESI	YAL001CTFC3SGDIDS000000001ChrIfr.45	KNGIRQIIDLKR	0.00125167
MUDPIT_ICAT	YAL001CTFC3SGDIDS000000001ChrIfr.45	KNGIRQIIDLKR	0.0653188
PAGE_MALDI	YAL001CTFC3SGDIDS000000001ChrIfr.46	KNGIRQIIDLKRE	0.18119
PAGE_ESI	YAL001CTFC3SGDIDS000000001ChrIfr.46	KNGIRQIIDLKRE	0.0150061
MUDPIT_ESI	YAL001CTFC3SGDIDS000000001ChrIfr.46	KNGIRQIIDLKRE	0.00653185
MUDPIT_ICAT	YAL001CTFC3SGDIDS000000001ChrIfr.46	KNGIRQIIDLKRE	0.0783495
PAGE_MALDI	YAL001CTFC3SGDIDS000000001ChrIfr.47	RQIIDLKRELKF	0.282941
PAGE_ESI	YAL001CTFC3SGDIDS000000001ChrIfr.47	RQIIDLKRELKF	0.00997029
MUDPIT_ESI	YAL001CTFC3SGDIDS000000001ChrIfr.47	RQIIDLKRELKF	0.00153834
MUDPIT_ICAT	YAL001CTFC3SGDIDS000000001ChrIfr.47	RQIIDLKRELKF	0.0531155
PAGE_MALDI	YAL001CTFC3SGDIDS000000001ChrIfr.48	RELKFDKEKR	0.0159663
PAGE_ESI	YAL001CTFC3SGDIDS000000001ChrIfr.48	RELKFDKEKR	0.00860528
MUDPIT_ESI	YAL001CTFC3SGDIDS000000001ChrIfr.48	RELKFDKEKR	0.000144501
MUDPIT_ICAT	YAL001CTFC3SGDIDS000000001ChrIfr.48	RELKFDKEKR	0.00762228
PAGE_MALDI	YAL001CTFC3SGDIDS000000001ChrIfr.49	KRLSKAFIAAIAWLDEKE	0.161182
PAGE_ESI	YAL001CTFC3SGDIDS000000001ChrIfr.49	KRLSKAFIAAIAWLDEKE	0.00742512
MUDPIT_ESI	YAL001CTFC3SGDIDS000000001ChrIfr.49	KRLSKAFIAAIAWLDEKE	0.211948
MUDPIT_ICAT	YAL001CTFC3SGDIDS000000001ChrIfr.49	KRLSKAFIAAIAWLDEKE	0.0549402
PAGE_MALDI	YAL001CTFC3SGDIDS000000001ChrIfr.50	RLSKAFIAAIAWLDEKE	0.743568
PAGE_ESI	YAL001CTFC3SGDIDS000000001ChrIfr.50	RLSKAFIAAIAWLDEKE	0.250759
MUDPIT_ESI	YAL001CTFC3SGDIDS000000001ChrIfr.50	RLSKAFIAAIAWLDEKE	0.5899
MUDPIT_ICAT	YAL001CTFC3SGDIDS000000001ChrIfr.50	RLSKAFIAAIAWLDEKE	0.135371
PAGE_MALDI	YAL001CTFC3SGDIDS000000001ChrIfr.51	RLSKAFIAAIAWLDEKEYLKK	0.018132
PAGE_ESI	YAL001CTFC3SGDIDS000000001ChrIfr.51	RLSKAFIAAIAWLDEKEYLKK	0.000368665
MUDPIT_ESI	YAL001CTFC3SGDIDS000000001ChrIfr.51	RLSKAFIAAIAWLDEKEYLKK	0.0132503
MUDPIT_ICAT	YAL001CTFC3SGDIDS000000001ChrIfr.51	RLSKAFIAAIAWLDEKEYLKK	0.00250439
PAGE_MALDI	YAL001CTFC3SGDIDS000000001ChrIfr.52	KAFIAAIAWLDEKE	0.995452
PAGE_ESI	YAL001CTFC3SGDIDS000000001ChrIfr.52	KAFIAAIAWLDEKE	0.835713
MUDPIT_ESI	YAL001CTFC3SGDIDS000000001ChrIfr.52	KAFIAAIAWLDEKE	0.931193
MUDPIT_ICAT	YAL001CTFC3SGDIDS000000001ChrIfr.52	KAFIAAIAWLDEKE	0.622718
PAGE_MALDI	YAL001CTFC3SGDIDS000000001ChrIfr.53	KAFIAAIAWLDEKEYLKK	0.132305
PAGE_ESI	YAL001CTFC3SGDIDS000000001ChrIfr.53	KAFIAAIAWLDEKEYLKK	0.00633321
MUDPIT_ESI	YAL001CTFC3SGDIDS000000001ChrIfr.53	KAFIAAIAWLDEKEYLKK	0.238853
MUDPIT_ICAT	YAL001CTFC3SGDIDS000000001ChrIfr.53	KAFIAAIAWLDEKEYLKK	0.0367857
PAGE_MALDI	YAL001CTFC3SGDIDS000000001ChrIfr.54	KAFIAAIAWLDEKEYLKKV	0.10335
PAGE_ESI	YAL001CTFC3SGDIDS000000001ChrIfr.54	KAFIAAIAWLDEKEYLKKV	0.00593887
MUDPIT_ESI	YAL001CTFC3SGDIDS000000001ChrIfr.54	KAFIAAIAWLDEKEYLKKV	0.210124
MUDPIT_ICAT	YAL001CTFC3SGDIDS000000001ChrIfr.54	KAFIAAIAWLDEKEYLKKV	0.0238896
PAGE_MALDI	YAL001CTFC3SGDIDS000000001ChrIfr.55	KEYLKKVLVVSPKN	0.231593
PAGE_ESI	YAL001CTFC3SGDIDS000000001ChrIfr.55	KEYLKKVLVVSPKN	0.0167067
MUDPIT_ESI	YAL001CTFC3SGDIDS000000001ChrIfr.55	KEYLKKVLVVSPKN	0.0292505
MUDPIT_ICAT	YAL001CTFC3SGDIDS000000001ChrIfr.55	KEYLKKVLVVSPKN	0.0996819
PAGE_MALDI	YAL001CTFC3SGDIDS000000001ChrIfr.56	KKVLVVSPKN	0.022267
PAGE_ESI	YAL001CTFC3SGDIDS000000001ChrIfr.56	KKVLVVSPKN	0.13549
MUDPIT_ESI	YAL001CTFC3SGDIDS000000001ChrIfr.56	KKVLVVSPKN	0.0238416
MUDPIT_ICAT	YAL001CTFC3SGDIDS000000001ChrIfr.56	KKVLVVSPKN	0.198599
PAGE_MALDI	YAL001CTFC3SGDIDS000000001ChrIfr.57	KKVLVVSPKNPAIKI	0.115495
PAGE_ESI	YAL001CTFC3SGDIDS000000001ChrIfr.57	KKVLVVSPKNPAIKI	0.0120065
MUDPIT_ESI	YAL001CTFC3SGDIDS000000001ChrIfr.57	KKVLVVSPKNPAIKI	0.0330213
MUDPIT_ICAT	YAL001CTFC3SGDIDS000000001ChrIfr.57	KKVLVVSPKNPAIKI	0.0932818
PAGE_MALDI	YAL001CTFC3SGDIDS000000001ChrIfr.58	KVLVVSPKNPAIKI	0.583747
PAGE_ESI	YAL001CTFC3SGDIDS000000001ChrIfr.58	KVLVVSPKNPAIKI	0.308722
MUDPIT_ESI	YAL001CTFC3SGDIDS000000001ChrIfr.58	KVLVVSPKNPAIKI	0.162959
MUDPIT_ICAT	YAL001CTFC3SGDIDS000000001ChrIfr.58	KVLVVSPKNPAIKI	0.37692
PAGE_MALDI	YAL001CTFC3SGDIDS000000001ChrIfr.59	KVLVVSPKNPAIKIRC	0.154356
PAGE_ESI	YAL001CTFC3SGDIDS000000001ChrIfr.59	KVLVVSPKNPAIKIRC	0.00711558
MUDPIT_ESI	YAL001CTFC3SGDIDS000000001ChrIfr.59	KVLVVSPKNPAIKIRC	0.0121361
MUDPIT_ICAT	YAL001CTFC3SGDIDS000000001ChrIfr.59	KVLVVSPKNPAIKIRC	0.0926369
PAGE_MALDI	YAL001CTFC3SGDIDS000000001ChrIfr.60	KNPAIKIRCVKY	0.166492
PAGE_ESI	YAL001CTFC3SGDIDS000000001ChrIfr.60	KNPAIKIRCVKY	0.0233806
MUDPIT_ESI	YAL001CTFC3SGDIDS000000001ChrIfr.60	KNPAIKIRCVKY	0.00237201
MUDPIT_ICAT	YAL001CTFC3SGDIDS000000001ChrIfr.60	KNPAIKIRCVKY	0.0681873
PAGE_MALDI	YAL001CTFC3SGDIDS000000001ChrIfr.61	KIRCVKYVKD	0.0526578
PAGE_ESI	YAL001CTFC3SGDIDS000000001ChrIfr.61	KIRCVKYVKD	0.0255285
MUDPIT_ESI	YAL001CTFC3SGDIDS000000001ChrIfr.61	KIRCVKYVKD	0.000555817
MUDPIT_ICAT	YAL001CTFC3SGDIDS000000001ChrIfr.61	KIRCVKYVKD	0.0496805
PAGE_MALDI	YAL001CTFC3SGDIDS000000001ChrIfr.62	RCVKYVKDIPDSKG	0.160499
PAGE_ESI	YAL001CTFC3SGDIDS000000001ChrIfr.62	RCVKYVKDIPDSKG	0.0252428
MUDPIT_ESI	YAL001CTFC3SGDIDS000000001ChrIfr.62	RCVKYVKDIPDSKG	0.0726756
MUDPIT_ICAT	YAL001CTFC3SGDIDS000000001ChrIfr.62	RCVKYVKDIPDSKG	0.105164
PAGE_MALDI	YAL001CTFC3SGDIDS000000001ChrIfr.63	KYVKDIPDSKG	0.117363
PAGE_ESI	YAL001CTFC3SGDIDS000000001ChrIfr.63	KYVKDIPDSKG	0.193584
MUDPIT_ESI	YAL001CTFC3SGDIDS000000001ChrIfr.63	KYVKDIPDSKG	0.191077
MUDPIT_ICAT	YAL001CTFC3SGDIDS000000001ChrIfr.63	KYVKDIPDSKG	0.200232
PAGE_MALDI	YAL001CTFC3SGDIDS000000001ChrIfr.64	KDIPDSKGSPSFEYDSNSADEDSVSDSKA	0.169915
PAGE_ESI	YAL001CTFC3SGDIDS000000001ChrIfr.64	KDIPDSKGSPSFEYDSNSADEDSVSDSKA	0.0954925
MUDPIT_ESI	YAL001CTFC3SGDIDS000000001ChrIfr.64	KDIPDSKGSPSFEYDSNSADEDSVSDSKA	0.873103
MUDPIT_ICAT	YAL001CTFC3SGDIDS000000001ChrIfr.64	KDIPDSKGSPSFEYDSNSADEDSVSDSKA	0.724308
PAGE_MALDI	YAL001CTFC3SGDIDS000000001ChrIfr.65	KGSPSFEYDSNSADEDSVSDSKA	0.962011
PAGE_ESI	YAL001CTFC3SGDIDS000000001ChrIfr.65	KGSPSFEYDSNSADEDSVSDSKA	0.470425
MUDPIT_ESI	YAL001CTFC3SGDIDS000000001ChrIfr.65	KGSPSFEYDSNSADEDSVSDSKA	0.944084
MUDPIT_ICAT	YAL001CTFC3SGDIDS000000001ChrIfr.65	KGSPSFEYDSNSADEDSVSDSKA	0.906339
PAGE_MALDI	YAL001CTFC3SGDIDS000000001ChrIfr.66	KEDAVKNEVLLNRF	0.75243
PAGE_ESI	YAL001CTFC3SGDIDS000000001ChrIfr.66	KEDAVKNEVLLNRF	0.247375
MUDPIT_ESI	YAL001CTFC3SGDIDS000000001ChrIfr.66	KEDAVKNEVLLNRF	0.448119
MUDPIT_ICAT	YAL001CTFC3SGDIDS000000001ChrIfr.66	KEDAVKNEVLLNRF	0.406247
PAGE_MALDI	YAL001CTFC3SGDIDS000000001ChrIfr.67	KNEVLLNRFYPLQNQTYDIADKS	0.63617
PAGE_ESI	YAL001CTFC3SGDIDS000000001ChrIfr.67	KNEVLLNRFYPLQNQTYDIADKS	0.026251
MUDPIT_ESI	YAL001CTFC3SGDIDS000000001ChrIfr.67	KNEVLLNRFYPLQNQTYDIADKS	0.319243
MUDPIT_ICAT	YAL001CTFC3SGDIDS000000001ChrIfr.67	KNEVLLNRFYPLQNQTYDIADKS	0.289284
PAGE_MALDI	YAL001CTFC3SGDIDS000000001ChrIfr.68	KNEVLLNRFYPLQNQTYDIADKSGLKG	0.026055
PAGE_ESI	YAL001CTFC3SGDIDS000000001ChrIfr.68	KNEVLLNRFYPLQNQTYDIADKSGLKG	0.00736311
MUDPIT_ESI	YAL001CTFC3SGDIDS000000001ChrIfr.68	KNEVLLNRFYPLQNQTYDIADKSGLKG	0.0544294
MUDPIT_ICAT	YAL001CTFC3SGDIDS000000001ChrIfr.68	KNEVLLNRFYPLQNQTYDIADKSGLKG	0.0574271
PAGE_MALDI	YAL001CTFC3SGDIDS000000001ChrIfr.69	RFYPLQNQTYDIADKS	0.994944
PAGE_ESI	YAL001CTFC3SGDIDS000000001ChrIfr.69	RFYPLQNQTYDIADKS	0.54502
MUDPIT_ESI	YAL001CTFC3SGDIDS000000001ChrIfr.69	RFYPLQNQTYDIADKS	0.813553
MUDPIT_ICAT	YAL001CTFC3SGDIDS000000001ChrIfr.69	RFYPLQNQTYDIADKS	0.839385
PAGE_MALDI	YAL001CTFC3SGDIDS000000001ChrIfr.70	RFYPLQNQTYDIADKSGLKG	0.728876
PAGE_ESI	YAL001CTFC3SGDIDS000000001ChrIfr.70	RFYPLQNQTYDIADKSGLKG	0.133802
MUDPIT_ESI	YAL001CTFC3SGDIDS000000001ChrIfr.70	RFYPLQNQTYDIADKSGLKG	0.394192
MUDPIT_ICAT	YAL001CTFC3SGDIDS000000001ChrIfr.70	RFYPLQNQTYDIADKSGLKG	0.388249
PAGE_MALDI	YAL001CTFC3SGDIDS000000001ChrIfr.71	KSGLKGISTMDVVNRI	0.537679
PAGE_ESI	YAL001CTFC3SGDIDS000000001ChrIfr.71	KSGLKGISTMDVVNRI	0.322187
MUDPIT_ESI	YAL001CTFC3SGDIDS000000001ChrIfr.71	KSGLKGISTMDVVNRI	0.183919
MUDPIT_ICAT	YAL001CTFC3SGDIDS000000001ChrIfr.71	KSGLKGISTMDVVNRI	0.470189
PAGE_MALDI	YAL001CTFC3SGDIDS000000001ChrIfr.72	KSGLKGISTMDVVNRITGKE	0.0867155
PAGE_ESI	YAL001CTFC3SGDIDS000000001ChrIfr.72	KSGLKGISTMDVVNRITGKE	0.0176312
MUDPIT_ESI	YAL001CTFC3SGDIDS000000001ChrIfr.72	KSGLKGISTMDVVNRITGKE	0.0735286
MUDPIT_ICAT	YAL001CTFC3SGDIDS000000001ChrIfr.72	KSGLKGISTMDVVNRITGKE	0.144819
PAGE_MALDI	YAL001CTFC3SGDIDS000000001ChrIfr.73	KGISTMDVVNRI	0.987983
PAGE_ESI	YAL001CTFC3SGDIDS000000001ChrIfr.73	KGISTMDVVNRI	0.937896
MUDPIT_ESI	YAL001CTFC3SGDIDS000000001ChrIfr.73	KGISTMDVVNRI	0.569424
MUDPIT_ICAT	YAL001CTFC3SGDIDS000000001ChrIfr.73	KGISTMDVVNRI	0.763816
PAGE_MALDI	YAL001CTFC3SGDIDS000000001ChrIfr.74	KGISTMDVVNRITGKE	0.462462
PAGE_ESI	YAL001CTFC3SGDIDS000000001ChrIfr.74	KGISTMDVVNRITGKE	0.318414
MUDPIT_ESI	YAL001CTFC3SGDIDS000000001ChrIfr.74	KGISTMDVVNRITGKE	0.471502
MUDPIT_ICAT	YAL001CTFC3SGDIDS000000001ChrIfr.74	KGISTMDVVNRITGKE	0.50301
PAGE_MALDI	YAL001CTFC3SGDIDS000000001ChrIfr.75	KGISTMDVVNRITGKEFQRA	0.148168
PAGE_ESI	YAL001CTFC3SGDIDS000000001ChrIfr.75	KGISTMDVVNRITGKEFQRA	0.00883297
MUDPIT_ESI	YAL001CTFC3SGDIDS000000001ChrIfr.75	KGISTMDVVNRITGKEFQRA	0.0226187
MUDPIT_ICAT	YAL001CTFC3SGDIDS000000001ChrIfr.75	KGISTMDVVNRITGKEFQRA	0.12512
PAGE_MALDI	YAL001CTFC3SGDIDS000000001ChrIfr.76	RITGKEFQRA	0.346312
PAGE_ESI	YAL001CTFC3SGDIDS000000001ChrIfr.76	RITGKEFQRA	0.156755
MUDPIT_ESI	YAL001CTFC3SGDIDS000000001ChrIfr.76	RITGKEFQRA	0.00694528
MUDPIT_ICAT	YAL001CTFC3SGDIDS000000001ChrIfr.76	RITGKEFQRA	0.236956
PAGE_MALDI	YAL001CTFC3SGDIDS000000001ChrIfr.77	RITGKEFQRAFTKS	0.217285
PAGE_ESI	YAL001CTFC3SGDIDS000000001ChrIfr.77	RITGKEFQRAFTKS	0.00822819
MUDPIT_ESI	YAL001CTFC3SGDIDS000000001ChrIfr.77	RITGKEFQRAFTKS	0.00337231
MUDPIT_ICAT	YAL001CTFC3SGDIDS000000001ChrIfr.77	RITGKEFQRAFTKS	0.100553
PAGE_MALDI	YAL001CTFC3SGDIDS000000001ChrIfr.78	KEFQRAFTKS	0.301552
PAGE_ESI	YAL001CTFC3SGDIDS000000001ChrIfr.78	KEFQRAFTKS	0.167323
MUDPIT_ESI	YAL001CTFC3SGDIDS000000001ChrIfr.78	KEFQRAFTKS	0.00856644
MUDPIT_ICAT	YAL001CTFC3SGDIDS000000001ChrIfr.78	KEFQRAFTKS	0.206608
PAGE_MALDI	YAL001CTFC3SGDIDS000000001ChrIfr.79	KEFQRAFTKSSEYYLESVDKQ	0.160454
PAGE_ESI	YAL001CTFC3SGDIDS000000001ChrIfr.79	KEFQRAFTKSSEYYLESVDKQ	0.0101153
MUDPIT_ESI	YAL001CTFC3SGDIDS000000001ChrIfr.79	KEFQRAFTKSSEYYLESVDKQ	0.102992
MUDPIT_ICAT	YAL001CTFC3SGDIDS000000001ChrIfr.79	KEFQRAFTKSSEYYLESVDKQ	0.122198
PAGE_MALDI	YAL001CTFC3SGDIDS000000001ChrIfr.80	RAFTKSSEYYLESVDKQ	0.786207
PAGE_ESI	YAL001CTFC3SGDIDS000000001ChrIfr.80	RAFTKSSEYYLESVDKQ	0.219306
MUDPIT_ESI	YAL001CTFC3SGDIDS000000001ChrIfr.80	RAFTKSSEYYLESVDKQ	0.43649
MUDPIT_ICAT	YAL001CTFC3SGDIDS000000001ChrIfr.80	RAFTKSSEYYLESVDKQ	0.472246
PAGE_MALDI	YAL001CTFC3SGDIDS000000001ChrIfr.81	RAFTKSSEYYLESVDKQKE	0.1905
PAGE_ESI	YAL001CTFC3SGDIDS000000001ChrIfr.81	RAFTKSSEYYLESVDKQKE	0.0160022
MUDPIT_ESI	YAL001CTFC3SGDIDS000000001ChrIfr.81	RAFTKSSEYYLESVDKQKE	0.177037
MUDPIT_ICAT	YAL001CTFC3SGDIDS000000001ChrIfr.81	RAFTKSSEYYLESVDKQKE	0.142748
PAGE_MALDI	YAL001CTFC3SGDIDS000000001ChrIfr.82	KSSEYYLESVDKQ	0.990366
PAGE_ESI	YAL001CTFC3SGDIDS000000001ChrIfr.82	KSSEYYLESVDKQ	0.771808
MUDPIT_ESI	YAL001CTFC3SGDIDS000000001ChrIfr.82	KSSEYYLESVDKQ	0.737164
MUDPIT_ICAT	YAL001CTFC3SGDIDS000000001ChrIfr.82	KSSEYYLESVDKQ	0.777269
PAGE_MALDI	YAL001CTFC3SGDIDS000000001ChrIfr.83	KSSEYYLESVDKQKE	0.49164
PAGE_ESI	YAL001CTFC3SGDIDS000000001ChrIfr.83	KSSEYYLESVDKQKE	0.181704
MUDPIT_ESI	YAL001CTFC3SGDIDS000000001ChrIfr.83	KSSEYYLESVDKQKE	0.449013
MUDPIT_ICAT	YAL001CTFC3SGDIDS000000001ChrIfr.83	KSSEYYLESVDKQKE	0.469734
PAGE_MALDI	YAL001CTFC3SGDIDS000000001ChrIfr.84	KSSEYYLESVDKQKENTGGYRL	0.167203
PAGE_ESI	YAL001CTFC3SGDIDS000000001ChrIfr.84	KSSEYYLESVDKQKENTGGYRL	0.0129616
MUDPIT_ESI	YAL001CTFC3SGDIDS000000001ChrIfr.84	KSSEYYLESVDKQKENTGGYRL	0.178092
MUDPIT_ICAT	YAL001CTFC3SGDIDS000000001ChrIfr.84	KSSEYYLESVDKQKENTGGYRL	0.13996
PAGE_MALDI	YAL001CTFC3SGDIDS000000001ChrIfr.85	KQKENTGGYRL	0.302868
PAGE_ESI	YAL001CTFC3SGDIDS000000001ChrIfr.85	KQKENTGGYRL	0.198915
MUDPIT_ESI	YAL001CTFC3SGDIDS000000001ChrIfr.85	KQKENTGGYRL	0.0255082
MUDPIT_ICAT	YAL001CTFC3SGDIDS000000001ChrIfr.85	KQKENTGGYRL	0.192953
PAGE_MALDI	YAL001CTFC3SGDIDS000000001ChrIfr.86	KQKENTGGYRLFRI	0.231161
PAGE_ESI	YAL001CTFC3SGDIDS000000001ChrIfr.86	KQKENTGGYRLFRI	0.00553796
MUDPIT_ESI	YAL001CTFC3SGDIDS000000001ChrIfr.86	KQKENTGGYRLFRI	0.003049
MUDPIT_ICAT	YAL001CTFC3SGDIDS000000001ChrIfr.86	KQKENTGGYRLFRI	0.0994962
PAGE_MALDI	YAL001CTFC3SGDIDS000000001ChrIfr.87	KENTGGYRLFRI	0.768247
PAGE_ESI	YAL001CTFC3SGDIDS000000001ChrIfr.87	KENTGGYRLFRI	0.266346
MUDPIT_ESI	YAL001CTFC3SGDIDS000000001ChrIfr.87	KENTGGYRLFRI	0.0212436
MUDPIT_ICAT	YAL001CTFC3SGDIDS000000001ChrIfr.87	KENTGGYRLFRI	0.39237
PAGE_MALDI	YAL001CTFC3SGDIDS000000001ChrIfr.88	KENTGGYRLFRIYDFEGKK	0.0190455
PAGE_ESI	YAL001CTFC3SGDIDS000000001ChrIfr.88	KENTGGYRLFRIYDFEGKK	0.000175122
MUDPIT_ESI	YAL001CTFC3SGDIDS000000001ChrIfr.88	KENTGGYRLFRIYDFEGKK	0.00503921
MUDPIT_ICAT	YAL001CTFC3SGDIDS000000001ChrIfr.88	KENTGGYRLFRIYDFEGKK	0.0198064
PAGE_MALDI	YAL001CTFC3SGDIDS000000001ChrIfr.89	RLFRIYDFEGKK	0.239134
PAGE_ESI	YAL001CTFC3SGDIDS000000001ChrIfr.89	RLFRIYDFEGKK	0.00605021
MUDPIT_ESI	YAL001CTFC3SGDIDS000000001ChrIfr.89	RLFRIYDFEGKK	0.00174109
MUDPIT_ICAT	YAL001CTFC3SGDIDS000000001ChrIfr.89	RLFRIYDFEGKK	0.0579177
PAGE_MALDI	YAL001CTFC3SGDIDS000000001ChrIfr.90	RLFRIYDFEGKKK	0.0425252
PAGE_ESI	YAL001CTFC3SGDIDS000000001ChrIfr.90	RLFRIYDFEGKKK	0.000207184
MUDPIT_ESI	YAL001CTFC3SGDIDS000000001ChrIfr.90	RLFRIYDFEGKKK	0.00024772
MUDPIT_ICAT	YAL001CTFC3SGDIDS000000001ChrIfr.90	RLFRIYDFEGKKK	0.00536371
PAGE_MALDI	YAL001CTFC3SGDIDS000000001ChrIfr.91	RIYDFEGKKK	0.106569
PAGE_ESI	YAL001CTFC3SGDIDS000000001ChrIfr.91	RIYDFEGKKK	0.0266775
MUDPIT_ESI	YAL001CTFC3SGDIDS000000001ChrIfr.91	RIYDFEGKKK	0.00152447
MUDPIT_ICAT	YAL001CTFC3SGDIDS000000001ChrIfr.91	RIYDFEGKKK	0.0470791
PAGE_MALDI	YAL001CTFC3SGDIDS000000001ChrIfr.92	RIYDFEGKKKF	0.282013
PAGE_ESI	YAL001CTFC3SGDIDS000000001ChrIfr.92	RIYDFEGKKKF	0.0236705
MUDPIT_ESI	YAL001CTFC3SGDIDS000000001ChrIfr.92	RIYDFEGKKKF	0.00262617
MUDPIT_ICAT	YAL001CTFC3SGDIDS000000001ChrIfr.92	RIYDFEGKKKF	0.0560531
PAGE_MALDI	YAL001CTFC3SGDIDS000000001ChrIfr.93	KKFFRLFTAQNFQKL	0.156609
PAGE_ESI	YAL001CTFC3SGDIDS000000001ChrIfr.93	KKFFRLFTAQNFQKL	0.00213248
MUDPIT_ESI	YAL001CTFC3SGDIDS000000001ChrIfr.93	KKFFRLFTAQNFQKL	0.000869384
MUDPIT_ICAT	YAL001CTFC3SGDIDS000000001ChrIfr.93	KKFFRLFTAQNFQKL	0.0572335
PAGE_MALDI	YAL001CTFC3SGDIDS000000001ChrIfr.94	KFFRLFTAQNFQKL	0.723967
PAGE_ESI	YAL001CTFC3SGDIDS000000001ChrIfr.94	KFFRLFTAQNFQKL	0.142011
MUDPIT_ESI	YAL001CTFC3SGDIDS000000001ChrIfr.94	KFFRLFTAQNFQKL	0.00371002
MUDPIT_ICAT	YAL001CTFC3SGDIDS000000001ChrIfr.94	KFFRLFTAQNFQKL	0.14263
PAGE_MALDI	YAL001CTFC3SGDIDS000000001ChrIfr.95	KFFRLFTAQNFQKLTNAEDEISVPKG	0.0371089
PAGE_ESI	YAL001CTFC3SGDIDS000000001ChrIfr.95	KFFRLFTAQNFQKLTNAEDEISVPKG	0.00746161
MUDPIT_ESI	YAL001CTFC3SGDIDS000000001ChrIfr.95	KFFRLFTAQNFQKLTNAEDEISVPKG	0.0449231
MUDPIT_ICAT	YAL001CTFC3SGDIDS000000001ChrIfr.95	KFFRLFTAQNFQKLTNAEDEISVPKG	0.0440875
PAGE_MALDI	YAL001CTFC3SGDIDS000000001ChrIfr.96	RLFTAQNFQKL	0.995741
PAGE_ESI	YAL001CTFC3SGDIDS000000001ChrIfr.96	RLFTAQNFQKL	0.924192
MUDPIT_ESI	YAL001CTFC3SGDIDS000000001ChrIfr.96	RLFTAQNFQKL	0.0564189
MUDPIT_ICAT	YAL001CTFC3SGDIDS000000001ChrIfr.96	RLFTAQNFQKL	0.687708
PAGE_MALDI	YAL001CTFC3SGDIDS000000001ChrIfr.97	RLFTAQNFQKLTNAEDEISVPKG	0.698212
PAGE_ESI	YAL001CTFC3SGDIDS000000001ChrIfr.97	RLFTAQNFQKLTNAEDEISVPKG	0.0618619
MUDPIT_ESI	YAL001CTFC3SGDIDS000000001ChrIfr.97	RLFTAQNFQKLTNAEDEISVPKG	0.486566
MUDPIT_ICAT	YAL001CTFC3SGDIDS000000001ChrIfr.97	RLFTAQNFQKLTNAEDEISVPKG	0.333411
PAGE_MALDI	YAL001CTFC3SGDIDS000000001ChrIfr.98	KLTNAEDEISVPKG	0.972352
PAGE_ESI	YAL001CTFC3SGDIDS000000001ChrIfr.98	KLTNAEDEISVPKG	0.866474
MUDPIT_ESI	YAL001CTFC3SGDIDS000000001ChrIfr.98	KLTNAEDEISVPKG	0.931517
MUDPIT_ICAT	YAL001CTFC3SGDIDS000000001ChrIfr.98	KLTNAEDEISVPKG	0.817564
PAGE_MALDI	YAL001CTFC3SGDIDS000000001ChrIfr.99	KLTNAEDEISVPKGFDELGKS	0.687996
PAGE_ESI	YAL001CTFC3SGDIDS000000001ChrIfr.99	KLTNAEDEISVPKGFDELGKS	0.257827
MUDPIT_ESI	YAL001CTFC3SGDIDS000000001ChrIfr.99	KLTNAEDEISVPKGFDELGKS	0.735381
MUDPIT_ICAT	YAL001CTFC3SGDIDS000000001ChrIfr.99	KLTNAEDEISVPKGFDELGKS	0.478102
